<?xml version="1.0" encoding="UTF-8"?>
<!-- Generated by org.testng.reporters.JUnitReportReporter -->
<testsuite hostname="DESKTOP-KJMT05N" failures="0" tests="4" name="Test.SamsungTVDetails" time="8.683" errors="0" timestamp="2022-06-02T16:18:04 PKT" skipped="0">
  <testcase classname="Test.SamsungTVDetails" name="recordsFiltered" time="0.249"/>
  <system-out/>
  <testcase classname="Test.SamsungTVDetails" name="clickRecord" time="1.029"/>
  <system-out/>
  <testcase classname="Test.SamsungTVDetails" name="switchTab" time="0.196"/>
  <system-out/>
  <testcase classname="Test.SamsungTVDetails" name="aboutThisItemAvailable" time="7.209"/>
  <system-out/>
</testsuite> <!-- Test.SamsungTVDetails -->
